<?xml version="1.0" encoding="UTF-8"?>
<!-- Generated by org.testng.reporters.JUnitXMLReporter -->
<testsuite ignored="0" hostname="DESKTOP-ERU4KB2" failures="0" tests="3" name="Default test" time="35.666" errors="0" timestamp="2023-10-06T16:41:51 IST">
  <testcase classname="com.crm.qa.testcases.LoginPageTest" name="loginPageTitleValidate" time="0.019"/>
  <testcase classname="com.crm.qa.testcases.LoginPageTest" name="validateLoginPageDisplayed" time="0.071"/>
  <testcase classname="com.crm.qa.testcases.LoginPageTest" name="loginTest" time="0.764"/>
</testsuite> <!-- Default test -->
