<?xml version="1.0" encoding="UTF-8"?>
<!-- Generated by org.testng.reporters.JUnitXMLReporter -->
<testsuite ignored="0" hostname="DESKTOP-ERU4KB2" failures="0" tests="3" name="Default test" time="48.006" errors="0" timestamp="2023-10-12T19:20:03 IST">
  <testcase classname="com.crm.qa.testcases.LoginPageTest" name="loginPageTitleValidate" time="0.019"/>
  <testcase classname="com.crm.qa.testcases.LoginPageTest" name="validateLoginPageDisplayed" time="0.083"/>
  <testcase classname="com.crm.qa.testcases.LoginPageTest" name="loginTest" time="0.78"/>
</testsuite> <!-- Default test -->
