<?xml version="1.0" encoding="UTF-8"?>
<testng-results ignored="0" total="3" passed="3" failed="0" skipped="0">
  <reporter-output>
  </reporter-output>
  <suite started-at="2023-10-12T19:19:15 IST" name="Default suite" finished-at="2023-10-12T19:20:03 IST" duration-ms="48006">
    <groups>
    </groups>
    <test started-at="2023-10-12T19:19:15 IST" name="Default test" finished-at="2023-10-12T19:20:03 IST" duration-ms="48006">
      <class name="com.crm.qa.testcases.LoginPageTest">
        <test-method is-config="true" signature="setup()[pri:0, instance:com.crm.qa.testcases.LoginPageTest@58d75e99]" started-at="2023-10-12T19:19:15 IST" name="setup" finished-at="2023-10-12T19:19:29 IST" duration-ms="14016" status="PASS">
          <reporter-output>
          </reporter-output>
        </test-method> <!-- setup -->
        <test-method signature="loginPageTitleValidate()[pri:1, instance:com.crm.qa.testcases.LoginPageTest@58d75e99]" started-at="2023-10-12T19:19:29 IST" name="loginPageTitleValidate" finished-at="2023-10-12T19:19:29 IST" duration-ms="19" status="PASS">
          <reporter-output>
          </reporter-output>
        </test-method> <!-- loginPageTitleValidate -->
        <test-method is-config="true" signature="tearDown()[pri:0, instance:com.crm.qa.testcases.LoginPageTest@58d75e99]" started-at="2023-10-12T19:19:29 IST" name="tearDown" finished-at="2023-10-12T19:19:31 IST" duration-ms="2219" status="PASS">
          <reporter-output>
          </reporter-output>
        </test-method> <!-- tearDown -->
        <test-method is-config="true" signature="setup()[pri:0, instance:com.crm.qa.testcases.LoginPageTest@58d75e99]" started-at="2023-10-12T19:19:31 IST" name="setup" finished-at="2023-10-12T19:19:40 IST" duration-ms="9007" status="PASS">
          <reporter-output>
          </reporter-output>
        </test-method> <!-- setup -->
        <test-method signature="validateLoginPageDisplayed()[pri:2, instance:com.crm.qa.testcases.LoginPageTest@58d75e99]" started-at="2023-10-12T19:19:40 IST" name="validateLoginPageDisplayed" finished-at="2023-10-12T19:19:40 IST" duration-ms="83" status="PASS">
          <reporter-output>
          </reporter-output>
        </test-method> <!-- validateLoginPageDisplayed -->
        <test-method is-config="true" signature="tearDown()[pri:0, instance:com.crm.qa.testcases.LoginPageTest@58d75e99]" started-at="2023-10-12T19:19:40 IST" name="tearDown" finished-at="2023-10-12T19:19:42 IST" duration-ms="1497" status="PASS">
          <reporter-output>
          </reporter-output>
        </test-method> <!-- tearDown -->
        <test-method is-config="true" signature="setup()[pri:0, instance:com.crm.qa.testcases.LoginPageTest@58d75e99]" started-at="2023-10-12T19:19:42 IST" name="setup" finished-at="2023-10-12T19:20:00 IST" duration-ms="18603" status="PASS">
          <reporter-output>
          </reporter-output>
        </test-method> <!-- setup -->
        <test-method signature="loginTest()[pri:3, instance:com.crm.qa.testcases.LoginPageTest@58d75e99]" started-at="2023-10-12T19:20:00 IST" name="loginTest" finished-at="2023-10-12T19:20:01 IST" duration-ms="780" status="PASS">
          <reporter-output>
          </reporter-output>
        </test-method> <!-- loginTest -->
        <test-method is-config="true" signature="tearDown()[pri:0, instance:com.crm.qa.testcases.LoginPageTest@58d75e99]" started-at="2023-10-12T19:20:01 IST" name="tearDown" finished-at="2023-10-12T19:20:03 IST" duration-ms="1703" status="PASS">
          <reporter-output>
          </reporter-output>
        </test-method> <!-- tearDown -->
      </class> <!-- com.crm.qa.testcases.LoginPageTest -->
    </test> <!-- Default test -->
  </suite> <!-- Default suite -->
</testng-results>
